========================================================================
READ_ASCII_FILE: unknown
READ_ASCII_FILE: File: input.nml
========================================================================
READ_INPUT_NML: unknown
READ_INPUT_NML: input.nml 
 &MOM_input_nml
      output_directory = './',
      input_filename = 'n'
      restart_input_dir = 'INPUT/',
      restart_output_dir = 'RESTART/',
      parameter_filename = 'MOM_input',
                           'MOM_override' /
 
 &diag_manager_nml
 /
 
 &fms_nml
     domains_stack_size = 710000,
     stack_size = 0 /
 
 &ocean_solo_nml
     date_init = 1,1,1,0,0,0
     calendar = 'thirty_day_months' /
 
 

MPP module unknown
MPP started with NPES=    96
Using MPI library for message passing...
Realtime clock resolution=  1.0000E-06 sec (   1000000 ticks/sec)
Clock rolls over after   9.2234E+12 sec ( 9223372036854775806 ticks)

MPP Parameter module unknown

MPP Data module unknown

MPP_DOMAINS module unknown
 &MPP_IO_NML
 HEADER_BUFFER_VAL       =       16384,
 GLOBAL_FIELD_ON_ROOT_PE = T,
 IO_CLOCKS_ON    = F,
 SHUFFLE =           0,
 DEFLATE_LEVEL   =          -1,
 CF_COMPLIANCE   = F
 /

MPP_IO module unknown

Using netCDF library version 4.4.0 of Feb 10 2016 18:01:01 $

================================================================================
FMS_IO_MOD
unknown

================================================================================
FMS_MOD
unknown
 &FMS_NML
 READ_ALL_PE     = T,
 CLOCK_GRAIN     = NONE            ,
 CLOCK_FLAGS     = NONE            ,
 WARNING_LEVEL   = warning ,
 IOSPEC_IEEE32   = -N ieee_32                                                      ,
 STACK_SIZE      =           0,
 DOMAINS_STACK_SIZE      =      710000,
 PRINT_MEMORY_USAGE      = F
 /
 nml_error_codes=

================================================================================
CONSTANTS_MOD
unknown

================================================================================
TIME_MANAGER_MOD
unknown

================================================================================
TIME_INTERP_EXTERNAL_MOD
unknown
 &TIME_INTERP_EXTERNAL_NML
 NUM_IO_BUFFERS  =           2,
 DEBUG_THIS_MODULE       = F,
 MAX_FIELDS      =         100,
 MAX_FILES       =          40
 /

================================================================================
TIME_INTERP_MOD
unknown
 &TIME_INTERP_NML
 PERTHLIKE_BEHAVIOR      = F
 /
find_obsolete_params: unknown
MOM: unknown
  MOM VERBOSITY: 2
  MOM DO_UNIT_TESTS: False
MOM_unit_scaling: unknown
  MOM_unit_scaling Z_RESCALE_POWER: 0
  MOM_unit_scaling L_RESCALE_POWER: 0
  MOM_unit_scaling T_RESCALE_POWER: 0
  MOM SPLIT: True
  MOM CALC_RHO_FOR_SEA_LEVEL: False
  MOM ENABLE_THERMODYNAMICS: True
  MOM USE_EOS: True
  MOM DIABATIC_FIRST: False
  MOM USE_CONTEMP_ABSSAL: False
  MOM ADIABATIC: False
  MOM DO_DYNAMICS: True
  MOM OFFLINE_TRACER_MODE: False
  MOM USE_REGRIDDING: True
  MOM BULKMIXEDLAYER: False
  MOM THICKNESSDIFFUSE: False
  MOM THICKNESSDIFFUSE_FIRST: False
  MOM BATHYMETRY_AT_VEL: False
  MOM DEBUG: False
  MOM DEBUG_TRUNCATIONS: False
  MOM DT: 450.0
  MOM DT_THERM: 450.0
  MOM THERMO_SPANS_COUPLING: False
  MOM HMIX_SFC_PROP: 1.0
  MOM HMIX_UV_SFC_PROP: 0.0
  MOM HFREEZE: -1.0
  MOM INTERPOLATE_P_SURF: False
  MOM DTBT: 0.0
  MOM DTBT_RESET_PERIOD: 450.0
  MOM FRAZIL: False
  MOM DO_GEOTHERMAL: False
  MOM BOUND_SALINITY: False
  MOM C_P: 3991.86795711963
  MOM P_REF: 2.0E+07
  MOM GLOBAL_INDEXING: False
  MOM FIRST_DIRECTION: 0
  MOM CHECK_BAD_SURFACE_VALS: False
  MOM SAVE_INITIAL_CONDS: False
  MOM IC_OUTPUT_FILE: MOM_IC
  MOM WRITE_GEOM: 1
  MOM ENSEMBLE_OCEAN: False
MOM_domains: unknown
  MOM_domains REENTRANT_X: True
  MOM_domains REENTRANT_Y: False
  MOM_domains TRIPOLAR_N: False
  MOM_domains !SYMMETRIC_MEMORY_: False
  MOM_domains NONBLOCKING_UPDATES: False
  MOM_domains THIN_HALO_UPDATES: True
  MOM_domains !STATIC_MEMORY_: False
  MOM_domains NIHALO: 4
  MOM_domains NJHALO: 4
  MOM_domains NIGLOBAL: 240
  MOM_domains NJGLOBAL: 160
  MOM_domains MASKTABLE: MOM_mask_table
  MOM_domains NIPROC: 12
  MOM_domains NJPROC: 8
  MOM_domains LAYOUT: 12, 8
  MOM_domains IO_LAYOUT: 1, 1

MOM domain decomposition:    12 X    8
   pe,   is,  ie,  js,  je,    isd, ied, jsd, jed

MOMc domain decomposition:    12 X    8
   pe,   is,  ie,  js,  je,    isd, ied, jsd, jed
MOM_debugging: unknown
  MOM_debugging DEBUG: False
  MOM_debugging DEBUG_CHKSUMS: False
  MOM_debugging DEBUG_REDUNDANT: False
MOM_checksums: unknown

================================================================================
DIAG_UTIL_MOD
unknown

================================================================================
DIAG_DATA_MOD
unknown

================================================================================
DIAG_MANAGER_MOD
unknown
 &DIAG_MANAGER_NML
 APPEND_PELIST_NAME      = F,
 MIX_SNAPSHOT_AVERAGE_FIELDS     = F,
 MAX_OUTPUT_FIELDS       =         300,
 MAX_INPUT_FIELDS        =         600,
 MAX_AXES        =          60,
 DO_DIAG_FIELD_LOG       = F,
 WRITE_BYTES_IN_FILE     = F,
 DEBUG_DIAG_MANAGER      = F,
 MAX_NUM_AXIS_SETS       =          25,
 MAX_FILES       =          31,
 USE_CMOR        = F,
 ISSUE_OOR_WARNINGS      = T,
 OOR_WARNINGS_FATAL      = F,
 MAX_OUT_PER_IN_FIELD    =         150,
 FLUSH_NC_FILES  = F,
 REGION_OUT_USE_ALT_VALUE        = T,
 MAX_FIELD_ATTRIBUTES    =           4,
 MAX_FILE_ATTRIBUTES     =           2,
 MAX_AXIS_ATTRIBUTES     =           4,
 PREPEND_DATE    = T,
 WRITE_MANIFEST_FILE     = F
 /
========================================================================
READ_ASCII_FILE: unknown
READ_ASCII_FILE: File: diag_table
base date used =    1 January  1  0:00:00 gmt

================================================================================
DIAG_AXIS_MOD
unknown
MOM_io: unknown
MOM_hor_index: unknown

MOM domain decomposition:    12 X    8
   pe,   is,  ie,  js,  je,    isd, ied, jsd, jed
MOM_verticalGrid: unknown
  MOM_verticalGrid G_EARTH: 9.8
  MOM_verticalGrid RHO_0: 1035.0
  MOM_verticalGrid BOUSSINESQ: True
  MOM_verticalGrid ANGSTROM: 1.0E-10
  MOM_verticalGrid H_RESCALE_POWER: 0
  MOM_verticalGrid H_TO_M: 1.0
  MOM_verticalGrid NK: 50
  MOM_verticalGrid M to THICKNESS: 1.0
  MOM_verticalGrid M to THICKNESS rescaled by 2^-n: 1.0
  MOM_verticalGrid THICKNESS to M rescaled by 2^n: 1.0
MOM_fixed_initialization: unknown
  MOM_fixed_initialization DEBUG: False
  MOM_fixed_initialization INPUTDIR: INPUT
MOM_grid_init: unknown
  MOM_grid_init GRID_CONFIG: mercator
  MOM_grid_init DEBUG: False
  MOM_grid_init set_grid_metrics_mercator SOUTHLAT: -65.0
  MOM_grid_init set_grid_metrics_mercator LENLAT: 40.0
  MOM_grid_init set_grid_metrics_mercator WESTLON: 0.0
  MOM_grid_init set_grid_metrics_mercator LENLON: 60.0
  MOM_grid_init set_grid_metrics_mercator RAD_EARTH: 6.378E+06
  MOM_grid_init set_grid_metrics_mercator ISOTROPIC: False
  MOM_grid_init set_grid_metrics_mercator EQUATOR_REFERENCE: True
  MOM_grid_init set_grid_metrics_mercator LAT_ENHANCE_FACTOR: 1.0
  MOM_grid_init set_grid_metrics_mercator LAT_EQ_ENHANCE: 0.0
  MOM_initialize_topography TOPO_CONFIG: file
  initialize_topography_from_file INPUTDIR: INPUT
  initialize_topography_from_file TOPO_FILE: 4th-deg_topography.nc
  initialize_topography_from_file TOPO_VARNAME: depth
  initialize_topography_from_file INPUTDIR/TOPO_FILE: INPUT/4th-deg_topography.nc
